<?xml version="1.0" encoding="UTF-8"?>
<!-- Generated by org.testng.reporters.JUnitReportReporter -->
<testsuite hostname="DESKTOP-J34NSB2" failures="0" tests="2" name="Runner.TestrunnerLogin" time="17.813" errors="0" timestamp="2024-12-18T14:23:43 IST" skipped="0">
  <testcase classname="Runner.TestrunnerLogin" name="runScenario" time="8.789"/>
  <testcase classname="Runner.TestrunnerLogin" name="runScenario" time="9.024"/>
</testsuite> <!-- Runner.TestrunnerLogin -->
